2025-11-12 16:40:42,364 [INFO] app: Logging initialisé.
2025-11-12 16:40:43,525 [INFO] app: Logging initialisé.
2025-11-12 16:54:54,511 [INFO] app: Logging initialisé.
2025-11-12 16:55:14,392 [INFO] app: Logging initialisé.
2025-11-12 16:55:36,298 [INFO] app: Logging initialisé.
2025-11-12 16:56:03,168 [INFO] app: Logging initialisé.
2025-11-12 16:56:31,097 [INFO] app: Logging initialisé.
2025-11-12 17:00:23,698 [INFO] app: Logging initialisé.
2025-11-13 06:51:50,532 [INFO] app: Logging initialisé.
2025-11-13 06:51:51,468 [INFO] app: Logging initialisé.
2025-11-13 08:02:56,518 [INFO] app: Logging initialisé.
2025-11-14 07:18:17,362 [INFO] app: Logging initialisé.
2025-11-14 07:18:18,295 [INFO] app: Logging initialisé.
2025-11-14 07:29:03,486 [INFO] app: Logging initialisé.
2025-11-14 07:36:34,251 [INFO] app: Logging initialisé.
2025-11-14 09:07:35,396 [INFO] app: Logging initialisé.
2025-11-14 09:11:05,732 [INFO] app: Logging initialisé.
2025-11-14 09:15:52,156 [INFO] app: Logging initialisé.
2025-11-14 09:20:33,794 [INFO] app: Logging initialisé.
2025-11-14 09:20:34,577 [INFO] app: Logging initialisé.
2025-11-14 09:36:39,360 [INFO] app: Logging initialisé.
2025-11-14 09:38:34,466 [INFO] app: Logging initialisé.
2025-11-14 09:48:27,986 [INFO] app: Logging initialisé.
2025-11-14 09:55:30,215 [INFO] app: Logging initialisé.
2025-11-14 09:55:30,905 [INFO] app: Logging initialisé.
2025-11-14 10:26:16,346 [INFO] app: Logging initialisé.
2025-11-14 10:33:15,838 [INFO] app: Logging initialisé.
2025-11-14 10:33:16,427 [INFO] app: Logging initialisé.
2025-11-14 10:36:32,737 [INFO] app: Logging initialisé.
2025-11-14 10:41:15,978 [INFO] app: Logging initialisé.
2025-11-14 10:53:24,176 [INFO] app: Logging initialisé.
2025-11-14 10:57:46,238 [INFO] app: Logging initialisé.
2025-11-14 10:59:09,534 [INFO] app: Logging initialisé.
2025-11-14 11:01:56,373 [INFO] app: Logging initialisé.
2025-11-14 12:25:07,019 [INFO] app: Logging initialisé.
2025-11-14 12:26:12,328 [INFO] app: Logging initialisé.
2025-11-14 12:30:14,320 [INFO] app: Logging initialisé.
2025-11-14 15:00:55,233 [INFO] app: Logging initialisé.
2025-11-14 15:04:07,086 [INFO] app: Logging initialisé.
2025-11-14 15:04:07,804 [INFO] app: Logging initialisé.
2025-11-14 16:07:30,316 [INFO] app: Logging initialisé.
2025-11-14 16:27:30,438 [INFO] app: Logging initialisé.
2025-11-14 16:31:07,752 [INFO] app: Logging initialisé.
2025-11-14 16:36:48,956 [INFO] app: Logging initialisé.
2025-11-14 19:22:02,482 [INFO] app: Logging initialisé.
2025-11-14 19:22:03,679 [INFO] app: Logging initialisé.
2025-11-14 19:27:10,933 [INFO] app: Logging initialisé.
2025-11-14 19:34:07,146 [INFO] app: Logging initialisé.
2025-11-14 19:35:37,364 [INFO] app: Logging initialisé.
2025-11-14 19:43:38,753 [INFO] app: Logging initialisé.
2025-11-15 14:40:24,572 [INFO] app: Logging initialisé.
2025-11-15 14:53:10,383 [INFO] app: Logging initialisé.
2025-11-15 14:54:47,443 [INFO] app: Logging initialisé.
2025-11-15 15:08:44,679 [INFO] app: Logging initialisé.
2025-11-15 15:08:45,369 [INFO] app: Logging initialisé.
2025-11-15 15:21:48,061 [INFO] app: Logging initialisé.
2025-11-15 15:21:48,692 [INFO] app: Logging initialisé.
2025-11-15 15:23:13,608 [INFO] app: Logging initialisé.
2025-11-15 15:25:06,617 [INFO] app: Logging initialisé.
2025-11-15 15:47:57,804 [INFO] app: Logging initialisé.
2025-11-15 15:50:50,821 [INFO] app: Logging initialisé.
2025-11-15 15:56:21,416 [INFO] app: Logging initialisé.
2025-11-16 08:39:15,479 [INFO] app: Logging initialisé.
2025-11-16 08:45:36,004 [INFO] app: Logging initialisé.
2025-11-16 08:45:37,040 [INFO] app: Logging initialisé.
2025-11-16 08:47:53,360 [INFO] app: Logging initialisé.
2025-11-16 08:49:57,053 [INFO] app: Logging initialisé.
2025-11-16 08:51:25,620 [INFO] app: Logging initialisé.
2025-11-16 15:06:56,664 [INFO] app: Logging initialisé.
2025-11-16 15:11:09,638 [INFO] app: Logging initialisé.
2025-11-16 15:22:07,048 [INFO] app: Logging initialisé.
2025-11-17 08:31:02,476 [INFO] app: Logging initialisé.
2025-11-17 08:35:17,941 [INFO] app: Logging initialisé.
2025-11-17 08:40:54,773 [INFO] app: Logging initialisé.
2025-11-17 08:40:55,576 [INFO] app: Logging initialisé.
2025-11-17 11:56:31,426 [INFO] app: Logging initialisé.
2025-11-17 11:58:18,009 [INFO] app: Logging initialisé.
2025-11-17 12:10:13,128 [INFO] app: Logging initialisé.
2025-11-17 12:11:36,727 [INFO] app: Logging initialisé.
2025-11-17 12:11:37,525 [INFO] app: Logging initialisé.
2025-11-17 12:17:49,661 [INFO] app: Logging initialisé.
2025-11-17 12:17:50,458 [INFO] app: Logging initialisé.
2025-11-17 12:18:26,783 [INFO] app: Logging initialisé.
2025-11-17 12:18:27,086 [INFO] app: Logging initialisé.
2025-11-17 12:26:02,169 [INFO] app: Logging initialisé.
2025-11-17 12:26:02,315 [INFO] app: Logging initialisé.
2025-11-17 12:27:30,084 [INFO] app: Logging initialisé.
2025-11-17 12:27:30,096 [INFO] app: Logging initialisé.
2025-11-17 12:58:22,945 [INFO] app: Logging initialisé.
2025-11-17 13:01:53,790 [INFO] app: Logging initialisé.
2025-11-17 13:01:53,792 [INFO] app: Logging initialisé.
2025-11-17 13:03:11,710 [INFO] app: Logging initialisé.
2025-11-17 13:03:11,727 [INFO] app: Logging initialisé.
2025-11-17 13:07:14,597 [INFO] app: Logging initialisé.
2025-11-17 13:07:15,386 [INFO] app: Logging initialisé.
2025-11-17 13:09:22,198 [INFO] app: Logging initialisé.
2025-11-17 13:24:16,858 [INFO] app: Logging initialisé.
2025-11-17 13:25:28,402 [INFO] app: Logging initialisé.
2025-11-17 13:34:23,367 [INFO] app: Logging initialisé.
2025-11-17 13:36:06,099 [INFO] app: Logging initialisé.
2025-11-17 13:39:57,977 [INFO] app: Logging initialisé.
2025-11-17 13:40:29,535 [INFO] app: Logging initialisé.
2025-11-17 13:40:30,571 [INFO] app: Logging initialisé.
2025-11-17 13:43:42,436 [INFO] app: Logging initialisé.
2025-11-17 13:43:43,332 [INFO] app: Logging initialisé.
2025-11-17 13:44:11,519 [INFO] app: Logging initialisé.
2025-11-17 13:44:34,660 [INFO] app: Logging initialisé.
2025-11-17 13:44:51,783 [INFO] app: Logging initialisé.
2025-11-17 13:45:25,093 [INFO] app: Logging initialisé.
2025-11-17 13:45:55,730 [INFO] app: Logging initialisé.
2025-11-17 13:47:12,303 [INFO] app: Logging initialisé.
2025-11-17 13:47:15,360 [INFO] app: Logging initialisé.
2025-11-17 13:52:38,141 [INFO] app: Logging initialisé.
2025-11-17 13:52:52,300 [INFO] app: Logging initialisé.
2025-11-17 13:53:51,216 [INFO] app: Logging initialisé.
2025-11-17 13:54:04,360 [INFO] app: Logging initialisé.
2025-11-17 13:54:08,448 [INFO] app: Logging initialisé.
2025-11-17 13:57:30,054 [INFO] app: Logging initialisé.
2025-11-17 13:59:02,047 [INFO] app: Logging initialisé.
2025-11-17 14:00:19,831 [INFO] app: Logging initialisé.
2025-11-17 14:00:20,813 [INFO] app: Logging initialisé.
2025-11-17 14:04:09,871 [INFO] app: Logging initialisé.
2025-11-17 14:05:48,903 [INFO] app: Logging initialisé.
2025-11-17 14:05:49,888 [INFO] app: Logging initialisé.
2025-11-17 14:08:33,521 [INFO] app: Logging initialisé.
2025-11-17 14:08:39,022 [INFO] app: Logging initialisé.
2025-11-17 14:08:49,783 [INFO] app: Logging initialisé.
2025-11-17 14:08:56,207 [INFO] app: Logging initialisé.
2025-11-17 14:09:04,264 [INFO] app: Logging initialisé.
2025-11-17 14:12:55,143 [INFO] app: Logging initialisé.
2025-11-17 14:12:56,005 [INFO] app: Logging initialisé.
2025-11-17 14:13:16,071 [INFO] app: Logging initialisé.
2025-11-17 14:13:16,963 [INFO] app: Logging initialisé.
2025-11-17 14:14:37,954 [INFO] app: Logging initialisé.
2025-11-17 14:14:38,187 [INFO] app: Logging initialisé.
2025-11-17 14:14:46,086 [INFO] app: Logging initialisé.
2025-11-17 14:14:46,290 [INFO] app: Logging initialisé.
2025-11-17 14:15:04,303 [INFO] app: Logging initialisé.
2025-11-17 14:15:04,899 [INFO] app: Logging initialisé.
2025-11-17 14:15:10,807 [INFO] app: Logging initialisé.
2025-11-17 14:15:11,463 [INFO] app: Logging initialisé.
2025-11-17 14:17:06,102 [INFO] app: Logging initialisé.
2025-11-17 14:17:07,079 [INFO] app: Logging initialisé.
2025-11-17 14:17:45,182 [INFO] app: Logging initialisé.
2025-11-17 14:17:45,548 [INFO] app: Logging initialisé.
2025-11-17 14:17:57,756 [INFO] app: Logging initialisé.
2025-11-17 14:18:24,440 [INFO] app: Logging initialisé.
2025-11-17 14:18:25,422 [INFO] app: Logging initialisé.
2025-11-17 14:18:58,492 [INFO] app: Logging initialisé.
2025-11-17 14:18:58,761 [INFO] app: Logging initialisé.
2025-11-17 14:18:58,969 [INFO] app: Logging initialisé.
2025-11-17 14:19:07,671 [INFO] app: Logging initialisé.
2025-11-17 14:19:08,591 [INFO] app: Logging initialisé.
2025-11-17 14:19:08,776 [INFO] app: Logging initialisé.
2025-11-17 14:19:39,945 [INFO] app: Logging initialisé.
2025-11-17 14:19:40,136 [INFO] app: Logging initialisé.
2025-11-17 14:19:40,336 [INFO] app: Logging initialisé.
2025-11-17 14:19:52,316 [INFO] app: Logging initialisé.
2025-11-17 14:19:52,541 [INFO] app: Logging initialisé.
2025-11-17 14:19:52,574 [INFO] app: Logging initialisé.
2025-11-17 14:20:09,899 [INFO] app: Logging initialisé.
2025-11-17 14:20:09,914 [INFO] app: Logging initialisé.
2025-11-17 14:20:10,373 [INFO] app: Logging initialisé.
2025-11-17 14:20:12,495 [INFO] app: Logging initialisé.
2025-11-17 14:20:12,518 [INFO] app: Logging initialisé.
2025-11-17 14:20:12,909 [INFO] app: Logging initialisé.
2025-11-17 14:20:52,325 [INFO] app: Logging initialisé.
2025-11-17 14:21:00,490 [INFO] app: Logging initialisé.
2025-11-17 14:21:01,438 [INFO] app: Logging initialisé.
2025-11-17 14:21:18,519 [INFO] app: Logging initialisé.
2025-11-17 14:22:32,809 [INFO] app: Logging initialisé.
2025-11-17 14:22:33,744 [INFO] app: Logging initialisé.
2025-11-17 14:23:26,766 [INFO] app: Logging initialisé.
2025-11-17 14:23:41,455 [INFO] app: Logging initialisé.
2025-11-17 14:23:49,091 [INFO] app: Logging initialisé.
2025-11-17 14:23:50,020 [INFO] app: Logging initialisé.
2025-11-17 14:24:14,110 [INFO] app: Logging initialisé.
2025-11-17 14:24:15,227 [INFO] app: Logging initialisé.
2025-11-17 14:24:16,182 [INFO] app: Logging initialisé.
2025-11-17 14:24:58,880 [INFO] app: Logging initialisé.
2025-11-17 14:25:23,187 [INFO] app: Logging initialisé.
2025-11-17 14:25:40,034 [INFO] app: Logging initialisé.
2025-11-17 14:25:51,882 [INFO] app: Logging initialisé.
2025-11-17 14:26:17,902 [INFO] app: Logging initialisé.
2025-11-17 14:42:08,146 [INFO] app: Logging initialisé.
2025-11-17 14:42:15,171 [INFO] app: Logging initialisé.
2025-11-17 14:42:42,122 [INFO] app: Logging initialisé.
2025-11-17 14:42:43,245 [INFO] app: Logging initialisé.
2025-11-17 14:42:44,194 [INFO] app: Logging initialisé.
2025-11-17 14:42:58,188 [INFO] app: Logging initialisé.
2025-11-17 14:43:24,446 [INFO] app: Logging initialisé.
2025-11-17 14:43:47,987 [INFO] app: Logging initialisé.
2025-11-17 14:43:55,824 [INFO] app: Logging initialisé.
2025-11-17 14:44:11,558 [INFO] app: Logging initialisé.
2025-11-17 14:44:16,974 [INFO] app: Logging initialisé.
2025-11-17 14:44:24,319 [INFO] app: Logging initialisé.
2025-11-17 14:44:26,590 [INFO] app: Logging initialisé.
2025-11-17 14:44:40,413 [INFO] app: Logging initialisé.
2025-11-17 14:52:46,721 [INFO] app: Logging initialisé.
2025-11-17 14:52:49,159 [INFO] app: Logging initialisé.
2025-11-17 14:53:03,435 [INFO] app: Logging initialisé.
2025-11-17 14:53:26,565 [INFO] app: Logging initialisé.
2025-11-17 14:53:27,767 [INFO] app: Logging initialisé.
2025-11-17 14:53:28,721 [INFO] app: Logging initialisé.
2025-11-17 14:53:49,246 [INFO] app: Logging initialisé.
2025-11-17 14:54:03,297 [INFO] app: Logging initialisé.
2025-11-17 14:54:18,213 [INFO] app: Logging initialisé.
2025-11-17 14:59:06,534 [INFO] app: Logging initialisé.
2025-11-17 15:17:05,240 [INFO] app: Logging initialisé.
2025-11-17 18:47:21,809 [INFO] app: Logging initialisé.
2025-11-17 18:47:23,564 [INFO] app: Logging initialisé.
2025-11-17 18:55:19,545 [INFO] app: Logging initialisé.
2025-11-17 18:55:28,018 [INFO] app: Logging initialisé.
2025-11-17 18:55:37,997 [INFO] app: Logging initialisé.
2025-11-17 18:55:40,565 [INFO] app: Logging initialisé.
2025-11-17 18:56:34,186 [INFO] app: Logging initialisé.
2025-11-17 18:56:59,880 [INFO] app: Logging initialisé.
2025-11-17 18:58:00,115 [INFO] app: Logging initialisé.
2025-11-17 18:58:03,319 [INFO] app: Logging initialisé.
2025-11-17 18:58:26,724 [INFO] app: Logging initialisé.
2025-11-17 18:58:58,273 [INFO] app: Logging initialisé.
2025-11-17 18:59:02,013 [INFO] app: Logging initialisé.
2025-11-17 18:59:04,707 [INFO] app: Logging initialisé.
2025-11-17 18:59:09,450 [INFO] app: Logging initialisé.
2025-11-17 18:59:21,551 [INFO] app: Logging initialisé.
2025-11-17 18:59:26,562 [INFO] app: Logging initialisé.
2025-11-17 18:59:30,067 [INFO] app: Logging initialisé.
2025-11-17 19:00:01,815 [INFO] app: Logging initialisé.
2025-11-17 19:00:12,842 [INFO] app: Logging initialisé.
2025-11-17 19:00:28,805 [INFO] app: Logging initialisé.
2025-11-17 19:04:05,758 [INFO] app: Logging initialisé.
2025-11-17 19:04:06,715 [INFO] app: Logging initialisé.
2025-11-17 19:16:08,899 [INFO] app: Logging initialisé.
2025-11-17 19:16:56,443 [INFO] app: Logging initialisé.
2025-11-17 19:17:13,898 [INFO] app: Logging initialisé.
2025-11-17 19:27:29,345 [INFO] app: Logging initialisé.
2025-11-17 19:29:08,914 [INFO] app: Logging initialisé.
2025-11-17 19:29:23,948 [INFO] app: Logging initialisé.
2025-11-17 19:31:13,075 [INFO] app: Logging initialisé.
2025-11-17 19:31:14,212 [INFO] app: Logging initialisé.
2025-11-17 19:37:30,468 [INFO] app: Logging initialisé.
2025-11-17 19:38:02,214 [INFO] app: Logging initialisé.
2025-11-17 19:38:04,815 [INFO] app: Logging initialisé.
2025-11-17 19:47:17,702 [INFO] app: Logging initialisé.
2025-11-17 19:47:18,964 [INFO] app: Logging initialisé.
2025-11-17 19:49:01,317 [INFO] app: Logging initialisé.
2025-11-17 19:49:04,034 [INFO] app: Logging initialisé.
2025-11-17 19:52:24,356 [INFO] app: Logging initialisé.
2025-11-17 20:50:39,974 [INFO] app: Logging initialisé.
2025-11-17 20:51:43,771 [INFO] app: Logging initialisé.
2025-11-17 20:52:19,950 [INFO] app: Logging initialisé.
2025-11-17 20:52:22,109 [INFO] app: Logging initialisé.
2025-11-17 20:52:22,109 [INFO] app: Logging initialisé.
2025-11-17 20:53:41,046 [INFO] app: Logging initialisé.
2025-11-17 20:53:42,386 [INFO] app: Logging initialisé.
2025-11-17 21:06:29,689 [INFO] app: Logging initialisé.
2025-11-17 21:26:38,572 [INFO] app: Logging initialisé.
2025-11-17 21:26:43,696 [INFO] app: Logging initialisé.
2025-11-17 21:26:54,204 [INFO] app: Logging initialisé.
2025-11-17 21:26:58,046 [INFO] app: Logging initialisé.
2025-11-17 21:27:25,545 [INFO] app: Logging initialisé.
2025-11-17 21:27:30,430 [INFO] app: Logging initialisé.
2025-11-17 21:29:03,399 [INFO] app: Logging initialisé.
2025-11-17 21:29:05,730 [INFO] app: Logging initialisé.
2025-11-17 21:29:05,730 [INFO] app: Logging initialisé.
2025-11-17 21:29:28,695 [INFO] app: Logging initialisé.
2025-11-17 21:29:56,007 [INFO] app: Logging initialisé.
2025-11-17 21:29:58,242 [INFO] app: Logging initialisé.
2025-11-17 21:29:58,242 [INFO] app: Logging initialisé.
2025-11-17 21:30:08,786 [INFO] app: Logging initialisé.
2025-11-17 21:30:10,895 [INFO] app: Logging initialisé.
2025-11-17 21:30:10,895 [INFO] app: Logging initialisé.
2025-11-17 21:30:53,652 [INFO] app: Logging initialisé.
2025-11-17 21:31:38,377 [INFO] app: Logging initialisé.
2025-11-17 21:31:40,904 [INFO] app: Logging initialisé.
2025-11-17 21:31:40,904 [INFO] app: Logging initialisé.
2025-11-17 21:31:52,958 [INFO] app: Logging initialisé.
2025-11-17 21:31:55,104 [INFO] app: Logging initialisé.
2025-11-17 21:31:55,104 [INFO] app: Logging initialisé.
2025-11-17 21:33:26,966 [INFO] app: Logging initialisé.
2025-11-17 21:33:56,282 [INFO] app: Logging initialisé.
2025-11-17 21:33:58,289 [INFO] app: Logging initialisé.
2025-11-17 21:33:58,289 [INFO] app: Logging initialisé.
2025-11-17 21:33:59,864 [INFO] app: Logging initialisé.
2025-11-17 21:34:35,303 [INFO] app: Logging initialisé.
2025-11-17 22:08:09,205 [INFO] app: Logging initialisé.
2025-11-17 22:08:38,348 [INFO] app: Logging initialisé.
2025-11-17 22:08:56,263 [INFO] app: Logging initialisé.
2025-11-17 22:08:59,019 [INFO] app: Logging initialisé.
2025-11-17 22:08:59,019 [INFO] app: Logging initialisé.
2025-11-17 22:09:12,467 [INFO] app: Logging initialisé.
2025-11-17 22:09:14,809 [INFO] app: Logging initialisé.
2025-11-17 22:09:14,809 [INFO] app: Logging initialisé.
2025-11-17 22:09:35,422 [INFO] app: Logging initialisé.
2025-11-17 22:09:37,716 [INFO] app: Logging initialisé.
2025-11-17 22:09:37,716 [INFO] app: Logging initialisé.
2025-11-17 22:10:16,040 [INFO] app: Logging initialisé.
2025-11-17 22:10:19,321 [INFO] app: Logging initialisé.
2025-11-17 22:10:27,169 [INFO] app: Logging initialisé.
2025-11-17 22:10:29,489 [INFO] app: Logging initialisé.
2025-11-17 22:10:29,489 [INFO] app: Logging initialisé.
2025-11-17 22:10:53,599 [INFO] app: Logging initialisé.
2025-11-17 22:10:57,004 [INFO] app: Logging initialisé.
2025-11-17 22:11:02,200 [INFO] app: Logging initialisé.
2025-11-17 22:11:04,505 [INFO] app: Logging initialisé.
2025-11-17 22:11:04,505 [INFO] app: Logging initialisé.
2025-11-17 22:14:18,630 [INFO] app: Logging initialisé.
2025-11-17 22:14:25,859 [INFO] app: Logging initialisé.
2025-11-17 22:14:33,069 [INFO] app: Logging initialisé.
2025-11-17 22:14:35,766 [INFO] app: Logging initialisé.
2025-11-17 22:14:35,766 [INFO] app: Logging initialisé.
2025-11-17 22:15:50,951 [INFO] app: Logging initialisé.
2025-11-17 22:16:22,262 [INFO] app: Logging initialisé.
2025-11-17 22:16:24,586 [INFO] app: Logging initialisé.
2025-11-17 22:16:24,586 [INFO] app: Logging initialisé.
2025-11-17 22:16:24,664 [ERROR] app: Exception on /notes/dashboard [GET]
Traceback (most recent call last):
  File "C:\Users\ASUS\AppData\Local\Programs\Python\Python313\Lib\site-packages\flask\app.py", line 1473, in wsgi_app
    response = self.full_dispatch_request()
  File "C:\Users\ASUS\AppData\Local\Programs\Python\Python313\Lib\site-packages\flask\app.py", line 882, in full_dispatch_request
    rv = self.handle_user_exception(e)
  File "C:\Users\ASUS\AppData\Local\Programs\Python\Python313\Lib\site-packages\flask\app.py", line 880, in full_dispatch_request
    rv = self.dispatch_request()
  File "C:\Users\ASUS\AppData\Local\Programs\Python\Python313\Lib\site-packages\flask\app.py", line 865, in dispatch_request
    return self.ensure_sync(self.view_functions[rule.endpoint])(**view_args)  # type: ignore[no-any-return]
           ~~~~~~~~~~~~~~~~~~~~~~~~~~~~~~~~~~~~~~~~~~~~~~~~~~~~^^^^^^^^^^^^^
  File "C:\Users\ASUS\AppData\Local\Programs\Python\Python313\Lib\site-packages\flask_login\utils.py", line 290, in decorated_view
    return current_app.ensure_sync(func)(*args, **kwargs)
           ~~~~~~~~~~~~~~~~~~~~~~~~~~~~~^^^^^^^^^^^^^^^^^
  File "C:\Users\ASUS\Documents\Projet\APP_GESTION\blueprints\notes\routes.py", line 90, in notes_dashboard
    return render_template(
        "notes/notes_management_dashboard.html",
    ...<11 lines>...
        selected_date=date_str
    )
  File "C:\Users\ASUS\AppData\Local\Programs\Python\Python313\Lib\site-packages\flask\templating.py", line 150, in render_template
    return _render(app, template, context)
  File "C:\Users\ASUS\AppData\Local\Programs\Python\Python313\Lib\site-packages\flask\templating.py", line 131, in _render
    rv = template.render(context)
  File "C:\Users\ASUS\AppData\Local\Programs\Python\Python313\Lib\site-packages\jinja2\environment.py", line 1304, in render
    self.environment.handle_exception()
    ~~~~~~~~~~~~~~~~~~~~~~~~~~~~~~~~~^^
  File "C:\Users\ASUS\AppData\Local\Programs\Python\Python313\Lib\site-packages\jinja2\environment.py", line 939, in handle_exception
    raise rewrite_traceback_stack(source=source)
  File "C:\Users\ASUS\Documents\Projet\APP_GESTION\templates\notes\notes_management_dashboard.html", line 1, in top-level template code
    {% extends "base.html" %}
  File "C:\Users\ASUS\Documents\Projet\APP_GESTION\templates\base.html", line 48, in top-level template code
    <li><a class="dropdown-item" href="{{ url_for('professors.list_professors') }}"><i class="fas fa-chalkboard-user"></i> Professeurs</a></li>
    
  File "C:\Users\ASUS\AppData\Local\Programs\Python\Python313\Lib\site-packages\flask\app.py", line 1084, in url_for
    return self.handle_url_build_error(error, endpoint, values)
           ~~~~~~~~~~~~~~~~~~~~~~~~~~~^^^^^^^^^^^^^^^^^^^^^^^^^
  File "C:\Users\ASUS\AppData\Local\Programs\Python\Python313\Lib\site-packages\flask\app.py", line 1073, in url_for
    rv = url_adapter.build(  # type: ignore[union-attr]
        endpoint,
    ...<3 lines>...
        force_external=_external,
    )
  File "C:\Users\ASUS\AppData\Local\Programs\Python\Python313\Lib\site-packages\werkzeug\routing\map.py", line 924, in build
    raise BuildError(endpoint, values, method, self)
werkzeug.routing.exceptions.BuildError: Could not build url for endpoint 'professors.list_professors'. Did you mean 'parents.list_parents' instead?
2025-11-17 22:16:24,664 [ERROR] app: Exception on /notes/dashboard [GET]
Traceback (most recent call last):
  File "C:\Users\ASUS\AppData\Local\Programs\Python\Python313\Lib\site-packages\flask\app.py", line 1473, in wsgi_app
    response = self.full_dispatch_request()
  File "C:\Users\ASUS\AppData\Local\Programs\Python\Python313\Lib\site-packages\flask\app.py", line 882, in full_dispatch_request
    rv = self.handle_user_exception(e)
  File "C:\Users\ASUS\AppData\Local\Programs\Python\Python313\Lib\site-packages\flask\app.py", line 880, in full_dispatch_request
    rv = self.dispatch_request()
  File "C:\Users\ASUS\AppData\Local\Programs\Python\Python313\Lib\site-packages\flask\app.py", line 865, in dispatch_request
    return self.ensure_sync(self.view_functions[rule.endpoint])(**view_args)  # type: ignore[no-any-return]
           ~~~~~~~~~~~~~~~~~~~~~~~~~~~~~~~~~~~~~~~~~~~~~~~~~~~~^^^^^^^^^^^^^
  File "C:\Users\ASUS\AppData\Local\Programs\Python\Python313\Lib\site-packages\flask_login\utils.py", line 290, in decorated_view
    return current_app.ensure_sync(func)(*args, **kwargs)
           ~~~~~~~~~~~~~~~~~~~~~~~~~~~~~^^^^^^^^^^^^^^^^^
  File "C:\Users\ASUS\Documents\Projet\APP_GESTION\blueprints\notes\routes.py", line 90, in notes_dashboard
    return render_template(
        "notes/notes_management_dashboard.html",
    ...<11 lines>...
        selected_date=date_str
    )
  File "C:\Users\ASUS\AppData\Local\Programs\Python\Python313\Lib\site-packages\flask\templating.py", line 150, in render_template
    return _render(app, template, context)
  File "C:\Users\ASUS\AppData\Local\Programs\Python\Python313\Lib\site-packages\flask\templating.py", line 131, in _render
    rv = template.render(context)
  File "C:\Users\ASUS\AppData\Local\Programs\Python\Python313\Lib\site-packages\jinja2\environment.py", line 1304, in render
    self.environment.handle_exception()
    ~~~~~~~~~~~~~~~~~~~~~~~~~~~~~~~~~^^
  File "C:\Users\ASUS\AppData\Local\Programs\Python\Python313\Lib\site-packages\jinja2\environment.py", line 939, in handle_exception
    raise rewrite_traceback_stack(source=source)
  File "C:\Users\ASUS\Documents\Projet\APP_GESTION\templates\notes\notes_management_dashboard.html", line 1, in top-level template code
    {% extends "base.html" %}
  File "C:\Users\ASUS\Documents\Projet\APP_GESTION\templates\base.html", line 48, in top-level template code
    <li><a class="dropdown-item" href="{{ url_for('professors.list_professors') }}"><i class="fas fa-chalkboard-user"></i> Professeurs</a></li>
    
  File "C:\Users\ASUS\AppData\Local\Programs\Python\Python313\Lib\site-packages\flask\app.py", line 1084, in url_for
    return self.handle_url_build_error(error, endpoint, values)
           ~~~~~~~~~~~~~~~~~~~~~~~~~~~^^^^^^^^^^^^^^^^^^^^^^^^^
  File "C:\Users\ASUS\AppData\Local\Programs\Python\Python313\Lib\site-packages\flask\app.py", line 1073, in url_for
    rv = url_adapter.build(  # type: ignore[union-attr]
        endpoint,
    ...<3 lines>...
        force_external=_external,
    )
  File "C:\Users\ASUS\AppData\Local\Programs\Python\Python313\Lib\site-packages\werkzeug\routing\map.py", line 924, in build
    raise BuildError(endpoint, values, method, self)
werkzeug.routing.exceptions.BuildError: Could not build url for endpoint 'professors.list_professors'. Did you mean 'parents.list_parents' instead?
2025-11-17 22:16:24,688 [ERROR] app: Exception on /notes/dashboard [GET]
Traceback (most recent call last):
  File "C:\Users\ASUS\AppData\Local\Programs\Python\Python313\Lib\site-packages\flask\app.py", line 1473, in wsgi_app
    response = self.full_dispatch_request()
  File "C:\Users\ASUS\AppData\Local\Programs\Python\Python313\Lib\site-packages\flask\app.py", line 882, in full_dispatch_request
    rv = self.handle_user_exception(e)
  File "C:\Users\ASUS\AppData\Local\Programs\Python\Python313\Lib\site-packages\flask\app.py", line 880, in full_dispatch_request
    rv = self.dispatch_request()
  File "C:\Users\ASUS\AppData\Local\Programs\Python\Python313\Lib\site-packages\flask\app.py", line 865, in dispatch_request
    return self.ensure_sync(self.view_functions[rule.endpoint])(**view_args)  # type: ignore[no-any-return]
           ~~~~~~~~~~~~~~~~~~~~~~~~~~~~~~~~~~~~~~~~~~~~~~~~~~~~^^^^^^^^^^^^^
  File "C:\Users\ASUS\AppData\Local\Programs\Python\Python313\Lib\site-packages\flask_login\utils.py", line 290, in decorated_view
    return current_app.ensure_sync(func)(*args, **kwargs)
           ~~~~~~~~~~~~~~~~~~~~~~~~~~~~~^^^^^^^^^^^^^^^^^
  File "C:\Users\ASUS\Documents\Projet\APP_GESTION\blueprints\notes\routes.py", line 90, in notes_dashboard
    return render_template(
        "notes/notes_management_dashboard.html",
    ...<11 lines>...
        selected_date=date_str
    )
  File "C:\Users\ASUS\AppData\Local\Programs\Python\Python313\Lib\site-packages\flask\templating.py", line 150, in render_template
    return _render(app, template, context)
  File "C:\Users\ASUS\AppData\Local\Programs\Python\Python313\Lib\site-packages\flask\templating.py", line 131, in _render
    rv = template.render(context)
  File "C:\Users\ASUS\AppData\Local\Programs\Python\Python313\Lib\site-packages\jinja2\environment.py", line 1304, in render
    self.environment.handle_exception()
    ~~~~~~~~~~~~~~~~~~~~~~~~~~~~~~~~~^^
  File "C:\Users\ASUS\AppData\Local\Programs\Python\Python313\Lib\site-packages\jinja2\environment.py", line 939, in handle_exception
    raise rewrite_traceback_stack(source=source)
  File "C:\Users\ASUS\Documents\Projet\APP_GESTION\templates\notes\notes_management_dashboard.html", line 1, in top-level template code
    {% extends "base.html" %}
  File "C:\Users\ASUS\Documents\Projet\APP_GESTION\templates\base.html", line 48, in top-level template code
    <li><a class="dropdown-item" href="{{ url_for('professors.list_professors') }}"><i class="fas fa-chalkboard-user"></i> Professeurs</a></li>
    
  File "C:\Users\ASUS\AppData\Local\Programs\Python\Python313\Lib\site-packages\flask\app.py", line 1084, in url_for
    return self.handle_url_build_error(error, endpoint, values)
           ~~~~~~~~~~~~~~~~~~~~~~~~~~~^^^^^^^^^^^^^^^^^^^^^^^^^
  File "C:\Users\ASUS\AppData\Local\Programs\Python\Python313\Lib\site-packages\flask\app.py", line 1073, in url_for
    rv = url_adapter.build(  # type: ignore[union-attr]
        endpoint,
    ...<3 lines>...
        force_external=_external,
    )
  File "C:\Users\ASUS\AppData\Local\Programs\Python\Python313\Lib\site-packages\werkzeug\routing\map.py", line 924, in build
    raise BuildError(endpoint, values, method, self)
werkzeug.routing.exceptions.BuildError: Could not build url for endpoint 'professors.list_professors'. Did you mean 'parents.list_parents' instead?
2025-11-17 22:16:24,688 [ERROR] app: Exception on /notes/dashboard [GET]
Traceback (most recent call last):
  File "C:\Users\ASUS\AppData\Local\Programs\Python\Python313\Lib\site-packages\flask\app.py", line 1473, in wsgi_app
    response = self.full_dispatch_request()
  File "C:\Users\ASUS\AppData\Local\Programs\Python\Python313\Lib\site-packages\flask\app.py", line 882, in full_dispatch_request
    rv = self.handle_user_exception(e)
  File "C:\Users\ASUS\AppData\Local\Programs\Python\Python313\Lib\site-packages\flask\app.py", line 880, in full_dispatch_request
    rv = self.dispatch_request()
  File "C:\Users\ASUS\AppData\Local\Programs\Python\Python313\Lib\site-packages\flask\app.py", line 865, in dispatch_request
    return self.ensure_sync(self.view_functions[rule.endpoint])(**view_args)  # type: ignore[no-any-return]
           ~~~~~~~~~~~~~~~~~~~~~~~~~~~~~~~~~~~~~~~~~~~~~~~~~~~~^^^^^^^^^^^^^
  File "C:\Users\ASUS\AppData\Local\Programs\Python\Python313\Lib\site-packages\flask_login\utils.py", line 290, in decorated_view
    return current_app.ensure_sync(func)(*args, **kwargs)
           ~~~~~~~~~~~~~~~~~~~~~~~~~~~~~^^^^^^^^^^^^^^^^^
  File "C:\Users\ASUS\Documents\Projet\APP_GESTION\blueprints\notes\routes.py", line 90, in notes_dashboard
    return render_template(
        "notes/notes_management_dashboard.html",
    ...<11 lines>...
        selected_date=date_str
    )
  File "C:\Users\ASUS\AppData\Local\Programs\Python\Python313\Lib\site-packages\flask\templating.py", line 150, in render_template
    return _render(app, template, context)
  File "C:\Users\ASUS\AppData\Local\Programs\Python\Python313\Lib\site-packages\flask\templating.py", line 131, in _render
    rv = template.render(context)
  File "C:\Users\ASUS\AppData\Local\Programs\Python\Python313\Lib\site-packages\jinja2\environment.py", line 1304, in render
    self.environment.handle_exception()
    ~~~~~~~~~~~~~~~~~~~~~~~~~~~~~~~~~^^
  File "C:\Users\ASUS\AppData\Local\Programs\Python\Python313\Lib\site-packages\jinja2\environment.py", line 939, in handle_exception
    raise rewrite_traceback_stack(source=source)
  File "C:\Users\ASUS\Documents\Projet\APP_GESTION\templates\notes\notes_management_dashboard.html", line 1, in top-level template code
    {% extends "base.html" %}
  File "C:\Users\ASUS\Documents\Projet\APP_GESTION\templates\base.html", line 48, in top-level template code
    <li><a class="dropdown-item" href="{{ url_for('professors.list_professors') }}"><i class="fas fa-chalkboard-user"></i> Professeurs</a></li>
    
  File "C:\Users\ASUS\AppData\Local\Programs\Python\Python313\Lib\site-packages\flask\app.py", line 1084, in url_for
    return self.handle_url_build_error(error, endpoint, values)
           ~~~~~~~~~~~~~~~~~~~~~~~~~~~^^^^^^^^^^^^^^^^^^^^^^^^^
  File "C:\Users\ASUS\AppData\Local\Programs\Python\Python313\Lib\site-packages\flask\app.py", line 1073, in url_for
    rv = url_adapter.build(  # type: ignore[union-attr]
        endpoint,
    ...<3 lines>...
        force_external=_external,
    )
  File "C:\Users\ASUS\AppData\Local\Programs\Python\Python313\Lib\site-packages\werkzeug\routing\map.py", line 924, in build
    raise BuildError(endpoint, values, method, self)
werkzeug.routing.exceptions.BuildError: Could not build url for endpoint 'professors.list_professors'. Did you mean 'parents.list_parents' instead?
2025-11-17 22:16:24,698 [ERROR] app: Exception on /notes/dashboard [GET]
Traceback (most recent call last):
  File "C:\Users\ASUS\AppData\Local\Programs\Python\Python313\Lib\site-packages\flask\app.py", line 1473, in wsgi_app
    response = self.full_dispatch_request()
  File "C:\Users\ASUS\AppData\Local\Programs\Python\Python313\Lib\site-packages\flask\app.py", line 882, in full_dispatch_request
    rv = self.handle_user_exception(e)
  File "C:\Users\ASUS\AppData\Local\Programs\Python\Python313\Lib\site-packages\flask\app.py", line 880, in full_dispatch_request
    rv = self.dispatch_request()
  File "C:\Users\ASUS\AppData\Local\Programs\Python\Python313\Lib\site-packages\flask\app.py", line 865, in dispatch_request
    return self.ensure_sync(self.view_functions[rule.endpoint])(**view_args)  # type: ignore[no-any-return]
           ~~~~~~~~~~~~~~~~~~~~~~~~~~~~~~~~~~~~~~~~~~~~~~~~~~~~^^^^^^^^^^^^^
  File "C:\Users\ASUS\AppData\Local\Programs\Python\Python313\Lib\site-packages\flask_login\utils.py", line 290, in decorated_view
    return current_app.ensure_sync(func)(*args, **kwargs)
           ~~~~~~~~~~~~~~~~~~~~~~~~~~~~~^^^^^^^^^^^^^^^^^
  File "C:\Users\ASUS\Documents\Projet\APP_GESTION\blueprints\notes\routes.py", line 90, in notes_dashboard
    return render_template(
        "notes/notes_management_dashboard.html",
    ...<11 lines>...
        selected_date=date_str
    )
  File "C:\Users\ASUS\AppData\Local\Programs\Python\Python313\Lib\site-packages\flask\templating.py", line 150, in render_template
    return _render(app, template, context)
  File "C:\Users\ASUS\AppData\Local\Programs\Python\Python313\Lib\site-packages\flask\templating.py", line 131, in _render
    rv = template.render(context)
  File "C:\Users\ASUS\AppData\Local\Programs\Python\Python313\Lib\site-packages\jinja2\environment.py", line 1304, in render
    self.environment.handle_exception()
    ~~~~~~~~~~~~~~~~~~~~~~~~~~~~~~~~~^^
  File "C:\Users\ASUS\AppData\Local\Programs\Python\Python313\Lib\site-packages\jinja2\environment.py", line 939, in handle_exception
    raise rewrite_traceback_stack(source=source)
  File "C:\Users\ASUS\Documents\Projet\APP_GESTION\templates\notes\notes_management_dashboard.html", line 1, in top-level template code
    {% extends "base.html" %}
  File "C:\Users\ASUS\Documents\Projet\APP_GESTION\templates\base.html", line 48, in top-level template code
    <li><a class="dropdown-item" href="{{ url_for('professors.list_professors') }}"><i class="fas fa-chalkboard-user"></i> Professeurs</a></li>
    
  File "C:\Users\ASUS\AppData\Local\Programs\Python\Python313\Lib\site-packages\flask\app.py", line 1084, in url_for
    return self.handle_url_build_error(error, endpoint, values)
           ~~~~~~~~~~~~~~~~~~~~~~~~~~~^^^^^^^^^^^^^^^^^^^^^^^^^
  File "C:\Users\ASUS\AppData\Local\Programs\Python\Python313\Lib\site-packages\flask\app.py", line 1073, in url_for
    rv = url_adapter.build(  # type: ignore[union-attr]
        endpoint,
    ...<3 lines>...
        force_external=_external,
    )
  File "C:\Users\ASUS\AppData\Local\Programs\Python\Python313\Lib\site-packages\werkzeug\routing\map.py", line 924, in build
    raise BuildError(endpoint, values, method, self)
werkzeug.routing.exceptions.BuildError: Could not build url for endpoint 'professors.list_professors'. Did you mean 'parents.list_parents' instead?
2025-11-17 22:16:24,698 [ERROR] app: Exception on /notes/dashboard [GET]
Traceback (most recent call last):
  File "C:\Users\ASUS\AppData\Local\Programs\Python\Python313\Lib\site-packages\flask\app.py", line 1473, in wsgi_app
    response = self.full_dispatch_request()
  File "C:\Users\ASUS\AppData\Local\Programs\Python\Python313\Lib\site-packages\flask\app.py", line 882, in full_dispatch_request
    rv = self.handle_user_exception(e)
  File "C:\Users\ASUS\AppData\Local\Programs\Python\Python313\Lib\site-packages\flask\app.py", line 880, in full_dispatch_request
    rv = self.dispatch_request()
  File "C:\Users\ASUS\AppData\Local\Programs\Python\Python313\Lib\site-packages\flask\app.py", line 865, in dispatch_request
    return self.ensure_sync(self.view_functions[rule.endpoint])(**view_args)  # type: ignore[no-any-return]
           ~~~~~~~~~~~~~~~~~~~~~~~~~~~~~~~~~~~~~~~~~~~~~~~~~~~~^^^^^^^^^^^^^
  File "C:\Users\ASUS\AppData\Local\Programs\Python\Python313\Lib\site-packages\flask_login\utils.py", line 290, in decorated_view
    return current_app.ensure_sync(func)(*args, **kwargs)
           ~~~~~~~~~~~~~~~~~~~~~~~~~~~~~^^^^^^^^^^^^^^^^^
  File "C:\Users\ASUS\Documents\Projet\APP_GESTION\blueprints\notes\routes.py", line 90, in notes_dashboard
    return render_template(
        "notes/notes_management_dashboard.html",
    ...<11 lines>...
        selected_date=date_str
    )
  File "C:\Users\ASUS\AppData\Local\Programs\Python\Python313\Lib\site-packages\flask\templating.py", line 150, in render_template
    return _render(app, template, context)
  File "C:\Users\ASUS\AppData\Local\Programs\Python\Python313\Lib\site-packages\flask\templating.py", line 131, in _render
    rv = template.render(context)
  File "C:\Users\ASUS\AppData\Local\Programs\Python\Python313\Lib\site-packages\jinja2\environment.py", line 1304, in render
    self.environment.handle_exception()
    ~~~~~~~~~~~~~~~~~~~~~~~~~~~~~~~~~^^
  File "C:\Users\ASUS\AppData\Local\Programs\Python\Python313\Lib\site-packages\jinja2\environment.py", line 939, in handle_exception
    raise rewrite_traceback_stack(source=source)
  File "C:\Users\ASUS\Documents\Projet\APP_GESTION\templates\notes\notes_management_dashboard.html", line 1, in top-level template code
    {% extends "base.html" %}
  File "C:\Users\ASUS\Documents\Projet\APP_GESTION\templates\base.html", line 48, in top-level template code
    <li><a class="dropdown-item" href="{{ url_for('professors.list_professors') }}"><i class="fas fa-chalkboard-user"></i> Professeurs</a></li>
    
  File "C:\Users\ASUS\AppData\Local\Programs\Python\Python313\Lib\site-packages\flask\app.py", line 1084, in url_for
    return self.handle_url_build_error(error, endpoint, values)
           ~~~~~~~~~~~~~~~~~~~~~~~~~~~^^^^^^^^^^^^^^^^^^^^^^^^^
  File "C:\Users\ASUS\AppData\Local\Programs\Python\Python313\Lib\site-packages\flask\app.py", line 1073, in url_for
    rv = url_adapter.build(  # type: ignore[union-attr]
        endpoint,
    ...<3 lines>...
        force_external=_external,
    )
  File "C:\Users\ASUS\AppData\Local\Programs\Python\Python313\Lib\site-packages\werkzeug\routing\map.py", line 924, in build
    raise BuildError(endpoint, values, method, self)
werkzeug.routing.exceptions.BuildError: Could not build url for endpoint 'professors.list_professors'. Did you mean 'parents.list_parents' instead?
2025-11-18 07:52:29,270 [INFO] app: Logging initialisé.
2025-11-18 07:52:37,708 [INFO] app: Logging initialisé.
2025-11-18 07:52:39,748 [INFO] app: Logging initialisé.
2025-11-18 07:52:40,805 [INFO] app: Logging initialisé.
2025-11-18 07:52:40,805 [INFO] app: Logging initialisé.
2025-11-18 07:56:07,888 [INFO] app: Logging initialisé.
2025-11-18 07:56:10,249 [INFO] app: Logging initialisé.
2025-11-18 08:14:01,739 [INFO] app: Logging initialisé.
2025-11-18 08:14:01,739 [INFO] app: Logging initialisé.
2025-11-18 08:14:02,468 [INFO] app: Logging initialisé.
2025-11-18 08:14:02,468 [INFO] app: Logging initialisé.
2025-11-18 08:14:13,108 [INFO] app: Logging initialisé.
2025-11-18 08:14:17,259 [INFO] app: Logging initialisé.
2025-11-18 08:14:17,259 [INFO] app: Logging initialisé.
2025-11-18 08:17:28,186 [INFO] app: Logging initialisé.
2025-11-18 08:18:08,289 [INFO] app: Logging initialisé.
2025-11-18 08:18:14,141 [INFO] app: Logging initialisé.
2025-11-18 08:18:16,831 [INFO] app: Logging initialisé.
2025-11-18 08:18:51,827 [INFO] app: Logging initialisé.
2025-11-18 08:18:54,061 [INFO] app: Logging initialisé.
2025-11-18 08:20:31,133 [INFO] app: Logging initialisé.
2025-11-18 08:20:31,160 [INFO] app: Logging initialisé.
2025-11-18 08:20:31,899 [INFO] app: Logging initialisé.
2025-11-18 08:20:36,334 [INFO] app: Logging initialisé.
2025-11-18 08:20:36,342 [INFO] app: Logging initialisé.
2025-11-18 08:20:36,529 [INFO] app: Logging initialisé.
2025-11-18 08:20:42,059 [INFO] app: Logging initialisé.
2025-11-18 08:20:42,144 [INFO] app: Logging initialisé.
2025-11-18 08:20:43,007 [INFO] app: Logging initialisé.
2025-11-18 08:21:02,117 [INFO] app: Logging initialisé.
2025-11-18 08:21:02,212 [INFO] app: Logging initialisé.
2025-11-18 08:21:02,536 [INFO] app: Logging initialisé.
2025-11-18 08:23:14,277 [INFO] app: Logging initialisé.
2025-11-18 08:23:16,643 [INFO] app: Logging initialisé.
2025-11-18 08:29:17,990 [INFO] app: Logging initialisé.
2025-11-18 08:29:17,990 [INFO] app: Logging initialisé.
2025-11-18 08:29:18,326 [INFO] app: Logging initialisé.
2025-11-18 08:29:18,326 [INFO] app: Logging initialisé.
2025-11-18 08:29:35,271 [INFO] app: Logging initialisé.
2025-11-18 08:29:37,178 [INFO] app: Logging initialisé.
2025-11-18 08:29:37,178 [INFO] app: Logging initialisé.
2025-11-18 08:30:36,453 [INFO] app: Logging initialisé.
2025-11-18 08:30:38,236 [INFO] app: Logging initialisé.
2025-11-18 08:30:38,236 [INFO] app: Logging initialisé.
2025-11-18 08:38:05,646 [INFO] app: Logging initialisé.
2025-11-18 08:38:07,647 [INFO] app: Logging initialisé.
2025-11-18 08:38:07,647 [INFO] app: Logging initialisé.
2025-11-18 08:39:47,099 [INFO] APP: Logging initialisé.
2025-11-18 08:39:49,238 [INFO] APP: Logging initialisé.
2025-11-18 09:01:26,575 [INFO] APP: Logging initialisé.
2025-11-18 09:01:47,276 [INFO] APP: Logging initialisé.
2025-11-18 09:03:36,132 [INFO] app: Logging initialisé.
2025-11-18 09:03:37,744 [INFO] app: Logging initialisé.
2025-11-18 09:03:37,744 [INFO] app: Logging initialisé.
2025-11-18 09:26:26,872 [INFO] app: Logging initialisé.
2025-11-18 09:26:29,331 [INFO] app: Logging initialisé.
2025-11-19 13:36:19,415 [INFO] app: Logging initialisé.
2025-11-19 13:36:22,067 [INFO] app: Logging initialisé.
2025-11-19 13:36:22,067 [INFO] app: Logging initialisé.
2025-11-19 13:36:22,251 [INFO] app: Logging initialisé.
2025-11-19 13:36:22,251 [INFO] app: Logging initialisé.
2025-11-19 13:36:22,251 [INFO] app: Logging initialisé.
2025-11-19 13:36:22,435 [INFO] app: Logging initialisé.
2025-11-19 13:36:22,435 [INFO] app: Logging initialisé.
2025-11-19 13:36:22,435 [INFO] app: Logging initialisé.
2025-11-19 13:36:22,435 [INFO] app: Logging initialisé.
2025-11-19 13:38:30,761 [INFO] app: Logging initialisé.
2025-11-19 13:38:31,737 [INFO] app: Logging initialisé.
2025-11-19 13:38:31,737 [INFO] app: Logging initialisé.
2025-11-19 13:39:09,182 [INFO] app: Logging initialisé.
2025-11-19 13:39:09,983 [INFO] app: Logging initialisé.
2025-11-19 13:39:09,983 [INFO] app: Logging initialisé.
2025-11-19 13:39:14,620 [INFO] app: Logging initialisé.
2025-11-19 13:39:14,620 [INFO] app: Logging initialisé.
2025-11-19 13:39:14,620 [INFO] app: Logging initialisé.
2025-11-19 13:39:21,646 [INFO] app: Logging initialisé.
2025-11-19 13:39:21,646 [INFO] app: Logging initialisé.
2025-11-19 13:39:21,646 [INFO] app: Logging initialisé.
2025-11-19 13:39:21,646 [INFO] app: Logging initialisé.
2025-11-19 13:39:21,694 [INFO] app: Logging initialisé.
2025-11-19 13:39:21,694 [INFO] app: Logging initialisé.
2025-11-19 13:39:21,694 [INFO] app: Logging initialisé.
2025-11-19 13:39:21,694 [INFO] app: Logging initialisé.
2025-11-19 13:39:21,694 [INFO] app: Logging initialisé.
2025-11-19 13:39:22,874 [INFO] app: Logging initialisé.
2025-11-19 13:39:22,874 [INFO] app: Logging initialisé.
2025-11-19 13:39:22,874 [INFO] app: Logging initialisé.
2025-11-19 13:39:22,874 [INFO] app: Logging initialisé.
2025-11-19 13:39:22,874 [INFO] app: Logging initialisé.
2025-11-19 13:39:22,874 [INFO] app: Logging initialisé.
2025-11-19 13:40:09,590 [INFO] app: Logging initialisé.
2025-11-19 13:40:10,423 [INFO] app: Logging initialisé.
2025-11-19 13:40:10,423 [INFO] app: Logging initialisé.
2025-11-19 13:40:37,884 [INFO] app: Logging initialisé.
2025-11-19 13:40:39,860 [INFO] app: Logging initialisé.
2025-11-19 13:40:39,860 [INFO] app: Logging initialisé.
2025-11-19 13:41:10,447 [INFO] app: Logging initialisé.
2025-11-19 13:41:12,140 [INFO] app: Logging initialisé.
2025-11-19 13:41:12,140 [INFO] app: Logging initialisé.
2025-11-19 13:41:35,048 [INFO] app: Logging initialisé.
2025-11-19 13:41:36,849 [INFO] app: Logging initialisé.
2025-11-19 13:41:36,849 [INFO] app: Logging initialisé.
2025-11-19 13:50:44,220 [INFO] app: Logging initialisé.
2025-11-19 13:50:47,210 [INFO] app: Logging initialisé.
2025-11-19 13:50:47,210 [INFO] app: Logging initialisé.
2025-11-19 13:51:54,733 [INFO] app: Logging initialisé.
2025-11-19 13:51:56,760 [INFO] app: Logging initialisé.
2025-11-19 13:51:56,760 [INFO] app: Logging initialisé.
2025-11-19 13:53:16,992 [INFO] app: Logging initialisé.
2025-11-19 13:53:20,619 [INFO] app: Logging initialisé.
2025-11-19 14:06:21,012 [INFO] app: Logging initialisé.
2025-11-19 14:06:21,012 [INFO] app: Logging initialisé.
2025-11-19 14:06:21,444 [INFO] app: Logging initialisé.
2025-11-19 14:06:21,444 [INFO] app: Logging initialisé.
2025-11-19 14:07:45,367 [INFO] app: Logging initialisé.
2025-11-19 14:07:48,398 [INFO] app: Logging initialisé.
2025-11-19 14:12:59,029 [INFO] app: Logging initialisé.
2025-11-19 14:12:59,029 [INFO] app: Logging initialisé.
2025-11-19 14:12:59,330 [INFO] app: Logging initialisé.
2025-11-19 14:12:59,330 [INFO] app: Logging initialisé.
2025-11-19 14:13:12,960 [INFO] app: Logging initialisé.
2025-11-19 14:13:15,629 [INFO] app: Logging initialisé.
2025-11-19 14:15:30,051 [INFO] app: Logging initialisé.
2025-11-19 14:15:30,051 [INFO] app: Logging initialisé.
2025-11-19 14:15:30,365 [INFO] app: Logging initialisé.
2025-11-19 14:15:30,365 [INFO] app: Logging initialisé.
2025-11-19 14:15:39,129 [INFO] app: Logging initialisé.
2025-11-19 14:15:41,446 [INFO] app: Logging initialisé.
2025-11-19 14:35:56,577 [INFO] app: Logging initialisé.
2025-11-19 14:36:32,280 [INFO] app: Logging initialisé.
2025-11-19 14:41:16,702 [INFO] app: Logging initialisé.
2025-11-19 14:42:11,359 [INFO] app: Logging initialisé.
2025-11-19 14:42:13,859 [INFO] app: Logging initialisé.
2025-11-19 14:44:10,444 [INFO] app: Logging initialisé.
2025-11-19 14:44:16,517 [INFO] app: Logging initialisé.
2025-11-19 15:10:33,757 [INFO] app: Logging initialisé.
2025-11-19 15:23:19,428 [INFO] app: Logging initialisé.
2025-11-19 15:23:24,914 [INFO] app: Logging initialisé.
2025-11-19 15:23:35,435 [INFO] app: Logging initialisé.
2025-11-19 15:24:16,077 [INFO] app: Logging initialisé.
2025-11-19 15:25:01,203 [INFO] app: Logging initialisé.
2025-11-19 15:25:57,305 [INFO] app: Logging initialisé.
2025-11-19 15:26:16,322 [INFO] app: Logging initialisé.
2025-11-19 15:29:28,498 [INFO] app: Logging initialisé.
2025-11-19 15:29:31,013 [INFO] app: Logging initialisé.
2025-11-19 15:29:46,743 [INFO] app: Logging initialisé.
2025-11-19 15:29:58,842 [INFO] app: Logging initialisé.
2025-11-19 15:30:01,359 [INFO] app: Logging initialisé.
2025-11-19 15:30:14,197 [INFO] app: Logging initialisé.
2025-11-19 15:30:25,129 [INFO] app: Logging initialisé.
2025-11-19 15:31:12,649 [INFO] app: Logging initialisé.
2025-11-19 15:31:14,607 [INFO] app: Logging initialisé.
2025-11-19 15:39:38,587 [INFO] app: Logging initialisé.
2025-11-19 15:39:40,620 [INFO] app: Logging initialisé.
2025-11-19 16:07:35,765 [INFO] APP: Logging initialisé.
2025-11-19 16:07:37,840 [INFO] APP: Logging initialisé.
2025-11-19 16:11:48,561 [INFO] APP: Logging initialisé.
2025-11-19 16:28:52,218 [INFO] APP: Logging initialisé.
2025-11-19 16:35:03,274 [INFO] APP: Logging initialisé.
2025-11-19 16:36:53,084 [INFO] APP: Logging initialisé.
2025-11-19 16:39:19,256 [INFO] APP: Logging initialisé.
2025-11-19 16:40:10,377 [INFO] APP: Logging initialisé.
2025-11-19 16:41:54,603 [INFO] APP: Logging initialisé.
2025-11-19 16:41:58,087 [INFO] APP: Logging initialisé.
2025-11-19 16:47:05,110 [INFO] APP: Logging initialisé.
